<?xml version="1.0" encoding="UTF-8"?>
<!-- Generated by org.testng.reporters.JUnitReportReporter -->
<testsuite skipped="0" hostname="DESKTOP-F3NAEKG" name="test.AddContactTest" tests="1" failures="0" timestamp="2021-10-13T20:13:22 CDT" time="9.031" errors="0">
  <testcase name="validUserShouldBeAbleToAddCustomer" time="9.031" classname="test.AddContactTest"/>
  <system-out/>
</testsuite> <!-- test.AddContactTest -->
